Content-Type: multipart/alternative;
 boundary="===============4583991826608797614=="
MIME-Version: 1.0
Subject: 127.0.0.1:8000 - Your account has been successfully created and
 activated!
From: webmaster@localhost
To: stonkmail.ru
Date: Wed, 26 Jun 2024 12:19:23 -0000
Message-ID: <171940436342.10288.13826738901666439755@Marat>

--===============4583991826608797614==
Content-Type: text/plain; charset="utf-8"
MIME-Version: 1.0
Content-Transfer-Encoding: 8bit

Your account has been created and is ready to use!

Спасибо, что используете наш сайт!

Команда сайта 127.0.0.1:8000
--===============4583991826608797614==
Content-Type: text/html; charset="utf-8"
MIME-Version: 1.0
Content-Transfer-Encoding: 8bit

<p>Your account has been created and is ready to use!</p>

<p>Спасибо, что используете наш сайт!</p>

<p>Команда сайта 127.0.0.1:8000</p>
--===============4583991826608797614==--

-------------------------------------------------------------------------------
