Content-Type: multipart/alternative;
 boundary="===============3406033340094653399=="
MIME-Version: 1.0
Subject: 
 =?utf-8?b?0KHQsdGA0L7RgSDQv9Cw0YDQvtC70Y8g0L3QsCAxMjcuMC4wLjE6ODAwMA==?=
From: webmaster@localhost
To: stopnek@mail.ru
Date: Mon, 24 Jun 2024 14:30:47 -0000
Message-ID: <171923944702.14824.7774839375910754234@Marat>

--===============3406033340094653399==
Content-Type: text/plain; charset="utf-8"
MIME-Version: 1.0
Content-Transfer-Encoding: 8bit

Вы получили это письмо, потому что вы (или кто-то другой) запросили восстановление пароля от учётной записи на сайте 127.0.0.1:8000, которая связана с этим адресом электронной почты.

Пожалуйста, перейдите на эту страницу и введите новый пароль:
http://127.0.0.1:8000//api/user/resetpassword/MQ/c94zbb-a45ab7ca269082aa1db1ecd99e2a21bb
Your username, in case you've forgotten: stopnek@mail.ru

Спасибо, что используете наш сайт!

Команда сайта 127.0.0.1:8000
--===============3406033340094653399==
Content-Type: text/html; charset="utf-8"
MIME-Version: 1.0
Content-Transfer-Encoding: 8bit

<p>Вы получили это письмо, потому что вы (или кто-то другой) запросили восстановление пароля от учётной записи на сайте 127.0.0.1:8000, которая связана с этим адресом электронной почты.</p>

<p>Пожалуйста, перейдите на эту страницу и введите новый пароль:</p>
<a href="http://127.0.0.1:8000//api/user/resetpassword/MQ/c94zbb-a45ab7ca269082aa1db1ecd99e2a21bb">http://127.0.0.1:8000//api/user/resetpassword/MQ/c94zbb-a45ab7ca269082aa1db1ecd99e2a21bb</a>
<p>Your username, in case you've forgotten: <b>stopnek@mail.ru</b></p>

<p>Спасибо, что используете наш сайт!</p>

<p>Команда сайта 127.0.0.1:8000</p>
--===============3406033340094653399==--

-------------------------------------------------------------------------------
