Content-Type: multipart/alternative;
 boundary="===============6074448643617262996=="
MIME-Version: 1.0
Subject: 127.0.0.1:8000 - Your account has been successfully created and
 activated!
From: webmaster@localhost
To: stonk@mail.ru
Date: Wed, 26 Jun 2024 12:18:24 -0000
Message-ID: <171940430433.10288.14695981289413261534@Marat>

--===============6074448643617262996==
Content-Type: text/plain; charset="utf-8"
MIME-Version: 1.0
Content-Transfer-Encoding: 8bit

Your account has been created and is ready to use!

Спасибо, что используете наш сайт!

Команда сайта 127.0.0.1:8000
--===============6074448643617262996==
Content-Type: text/html; charset="utf-8"
MIME-Version: 1.0
Content-Transfer-Encoding: 8bit

<p>Your account has been created and is ready to use!</p>

<p>Спасибо, что используете наш сайт!</p>

<p>Команда сайта 127.0.0.1:8000</p>
--===============6074448643617262996==--

-------------------------------------------------------------------------------
