Content-Type: multipart/alternative;
 boundary="===============3896304831158685820=="
MIME-Version: 1.0
Subject: 127.0.0.1:8000 - Your account has been successfully created and
 activated!
From: webmaster@localhost
To: sasddd@mail.ru
Date: Wed, 26 Jun 2024 15:45:12 -0000
Message-ID: <171941671279.13268.1902364839510118379@Marat>

--===============3896304831158685820==
Content-Type: text/plain; charset="utf-8"
MIME-Version: 1.0
Content-Transfer-Encoding: 8bit

Your account has been created and is ready to use!

Спасибо, что используете наш сайт!

Команда сайта 127.0.0.1:8000
--===============3896304831158685820==
Content-Type: text/html; charset="utf-8"
MIME-Version: 1.0
Content-Transfer-Encoding: 8bit

<p>Your account has been created and is ready to use!</p>

<p>Спасибо, что используете наш сайт!</p>

<p>Команда сайта 127.0.0.1:8000</p>
--===============3896304831158685820==--

-------------------------------------------------------------------------------
