Content-Type: multipart/alternative;
 boundary="===============7500334139849651700=="
MIME-Version: 1.0
Subject: 
 =?utf-8?b?0KHQsdGA0L7RgSDQv9Cw0YDQvtC70Y8g0L3QsCAxMjcuMC4wLjE6ODAwMA==?=
From: webmaster@localhost
To: stonek@mail.ru
Date: Fri, 28 Jun 2024 06:00:02 -0000
Message-ID: <171955440288.5876.16447064794967401733@Marat>

--===============7500334139849651700==
Content-Type: text/plain; charset="utf-8"
MIME-Version: 1.0
Content-Transfer-Encoding: 8bit

Вы получили это письмо, потому что вы (или кто-то другой) запросили восстановление пароля от учётной записи на сайте 127.0.0.1:8000, которая связана с этим адресом электронной почты.

Пожалуйста, перейдите на эту страницу и введите новый пароль:
http://127.0.0.1:8000//api/user/resetpassword/Mw/c9bqc1-41681b3aa5ec181c5a851ce690ef933f
Your username, in case you've forgotten: stonek@mail.ru

Спасибо, что используете наш сайт!

Команда сайта 127.0.0.1:8000
--===============7500334139849651700==
Content-Type: text/html; charset="utf-8"
MIME-Version: 1.0
Content-Transfer-Encoding: 8bit

<p>Вы получили это письмо, потому что вы (или кто-то другой) запросили восстановление пароля от учётной записи на сайте 127.0.0.1:8000, которая связана с этим адресом электронной почты.</p>

<p>Пожалуйста, перейдите на эту страницу и введите новый пароль:</p>
<a href="http://127.0.0.1:8000//api/user/resetpassword/Mw/c9bqc1-41681b3aa5ec181c5a851ce690ef933f">http://127.0.0.1:8000//api/user/resetpassword/Mw/c9bqc1-41681b3aa5ec181c5a851ce690ef933f</a>
<p>Your username, in case you've forgotten: <b>stonek@mail.ru</b></p>

<p>Спасибо, что используете наш сайт!</p>

<p>Команда сайта 127.0.0.1:8000</p>
--===============7500334139849651700==--

-------------------------------------------------------------------------------
