Content-Type: multipart/alternative;
 boundary="===============7574824510166053032=="
MIME-Version: 1.0
Subject: 127.0.0.1:8000 - Your password has been successfully changed!
From: webmaster@localhost
To: sasd@mail.ru
Date: Wed, 26 Jun 2024 15:05:30 -0000
Message-ID: <171941433073.9412.10061723087861349628@Marat>

--===============7574824510166053032==
Content-Type: text/plain; charset="utf-8"
MIME-Version: 1.0
Content-Transfer-Encoding: 8bit

Your password has been changed!

Спасибо, что используете наш сайт!

Команда сайта 127.0.0.1:8000
--===============7574824510166053032==
Content-Type: text/html; charset="utf-8"
MIME-Version: 1.0
Content-Transfer-Encoding: 8bit

<p>Your password has been changed!</p>

<p>Спасибо, что используете наш сайт!</p>

<p>Команда сайта 127.0.0.1:8000</p>
--===============7574824510166053032==--

-------------------------------------------------------------------------------
