Content-Type: multipart/alternative;
 boundary="===============2861649146109120452=="
MIME-Version: 1.0
Subject: 127.0.0.1:8000 - Your account has been successfully created and
 activated!
From: webmaster@localhost
To: stopnek@mail.ru
Date: Mon, 24 Jun 2024 13:45:37 -0000
Message-ID: <171923673752.11064.3634747241304117326@Marat>

--===============2861649146109120452==
Content-Type: text/plain; charset="utf-8"
MIME-Version: 1.0
Content-Transfer-Encoding: 8bit

Your account has been created and is ready to use!

Спасибо, что используете наш сайт!

Команда сайта 127.0.0.1:8000
--===============2861649146109120452==
Content-Type: text/html; charset="utf-8"
MIME-Version: 1.0
Content-Transfer-Encoding: 8bit

<p>Your account has been created and is ready to use!</p>

<p>Спасибо, что используете наш сайт!</p>

<p>Команда сайта 127.0.0.1:8000</p>
--===============2861649146109120452==--

-------------------------------------------------------------------------------
