Content-Type: multipart/alternative;
 boundary="===============6622501348696938461=="
MIME-Version: 1.0
Subject: 127.0.0.1:8000 - Your account has been successfully created and
 activated!
From: webmaster@localhost
To: stonek@mail.ru
Date: Fri, 28 Jun 2024 05:46:05 -0000
Message-ID: <171955356563.15676.3722591682417403548@Marat>

--===============6622501348696938461==
Content-Type: text/plain; charset="utf-8"
MIME-Version: 1.0
Content-Transfer-Encoding: 8bit

Your account has been created and is ready to use!

Спасибо, что используете наш сайт!

Команда сайта 127.0.0.1:8000
--===============6622501348696938461==
Content-Type: text/html; charset="utf-8"
MIME-Version: 1.0
Content-Transfer-Encoding: 8bit

<p>Your account has been created and is ready to use!</p>

<p>Спасибо, что используете наш сайт!</p>

<p>Команда сайта 127.0.0.1:8000</p>
--===============6622501348696938461==--

-------------------------------------------------------------------------------
