Content-Type: multipart/alternative;
 boundary="===============1100558217359188784=="
MIME-Version: 1.0
Subject: 127.0.0.1:8000 - Your account has been successfully created and
 activated!
From: webmaster@localhost
To: sst-odpn!#$%&'*+/=?^_`{|}~@mdail.rru
Date: Fri, 28 Jun 2024 03:56:41 -0000
Message-ID: <171954700124.18464.12504761295813644920@Marat>

--===============1100558217359188784==
Content-Type: text/plain; charset="utf-8"
MIME-Version: 1.0
Content-Transfer-Encoding: 8bit

Your account has been created and is ready to use!

Спасибо, что используете наш сайт!

Команда сайта 127.0.0.1:8000
--===============1100558217359188784==
Content-Type: text/html; charset="utf-8"
MIME-Version: 1.0
Content-Transfer-Encoding: 8bit

<p>Your account has been created and is ready to use!</p>

<p>Спасибо, что используете наш сайт!</p>

<p>Команда сайта 127.0.0.1:8000</p>
--===============1100558217359188784==--

-------------------------------------------------------------------------------
