Content-Type: multipart/alternative;
 boundary="===============3876435828485306423=="
MIME-Version: 1.0
Subject: 127.0.0.1:8000 - Your password has been successfully changed!
From: webmaster@localhost
To: stopnek@mail.ru
Date: Mon, 24 Jun 2024 14:31:32 -0000
Message-ID: <171923949267.14824.5307422200208108603@Marat>

--===============3876435828485306423==
Content-Type: text/plain; charset="utf-8"
MIME-Version: 1.0
Content-Transfer-Encoding: 8bit

Your password has been changed!

Спасибо, что используете наш сайт!

Команда сайта 127.0.0.1:8000
--===============3876435828485306423==
Content-Type: text/html; charset="utf-8"
MIME-Version: 1.0
Content-Transfer-Encoding: 8bit

<p>Your password has been changed!</p>

<p>Спасибо, что используете наш сайт!</p>

<p>Команда сайта 127.0.0.1:8000</p>
--===============3876435828485306423==--

-------------------------------------------------------------------------------
