Content-Type: multipart/alternative;
 boundary="===============7929968208095536841=="
MIME-Version: 1.0
Subject: 
 =?utf-8?b?0KHQsdGA0L7RgSDQv9Cw0YDQvtC70Y8g0L3QsCAxMjcuMC4wLjE6ODAwMA==?=
From: webmaster@localhost
To: stopnek@mail.ru
Date: Sat, 22 Jun 2024 12:50:04 -0000
Message-ID: <171906060415.7904.6630072687569416802@Marat>

--===============7929968208095536841==
Content-Type: text/plain; charset="utf-8"
MIME-Version: 1.0
Content-Transfer-Encoding: 8bit

Вы получили это письмо, потому что вы (или кто-то другой) запросили восстановление пароля от учётной записи на сайте 127.0.0.1:8000, которая связана с этим адресом электронной почты.

Пожалуйста, перейдите на эту страницу и введите новый пароль:
http://127.0.0.1:8000//api/user/resetpassword/Mw/c915bg-7e9b17518776d6d25ca6122995aef541
Your username, in case you've forgotten: stopnek@mail.ru

Спасибо, что используете наш сайт!

Команда сайта 127.0.0.1:8000
--===============7929968208095536841==
Content-Type: text/html; charset="utf-8"
MIME-Version: 1.0
Content-Transfer-Encoding: 8bit

<p>Вы получили это письмо, потому что вы (или кто-то другой) запросили восстановление пароля от учётной записи на сайте 127.0.0.1:8000, которая связана с этим адресом электронной почты.</p>

<p>Пожалуйста, перейдите на эту страницу и введите новый пароль:</p>
<a href="http://127.0.0.1:8000//api/user/resetpassword/Mw/c915bg-7e9b17518776d6d25ca6122995aef541">http://127.0.0.1:8000//api/user/resetpassword/Mw/c915bg-7e9b17518776d6d25ca6122995aef541</a>
<p>Your username, in case you've forgotten: <b>stopnek@mail.ru</b></p>

<p>Спасибо, что используете наш сайт!</p>

<p>Команда сайта 127.0.0.1:8000</p>
--===============7929968208095536841==--

-------------------------------------------------------------------------------
