Content-Type: multipart/alternative;
 boundary="===============1487153818288752368=="
MIME-Version: 1.0
Subject: 127.0.0.1:8000 - Your account has been successfully created and
 activated!
From: webmaster@localhost
To: sstopn!#$%&'*+/=?^_`{|}~@mail.rru
Date: Fri, 28 Jun 2024 03:44:00 -0000
Message-ID: <171954624095.18364.1918481715463684132@Marat>

--===============1487153818288752368==
Content-Type: text/plain; charset="utf-8"
MIME-Version: 1.0
Content-Transfer-Encoding: 8bit

Your account has been created and is ready to use!

Спасибо, что используете наш сайт!

Команда сайта 127.0.0.1:8000
--===============1487153818288752368==
Content-Type: text/html; charset="utf-8"
MIME-Version: 1.0
Content-Transfer-Encoding: 8bit

<p>Your account has been created and is ready to use!</p>

<p>Спасибо, что используете наш сайт!</p>

<p>Команда сайта 127.0.0.1:8000</p>
--===============1487153818288752368==--

-------------------------------------------------------------------------------
