Content-Type: multipart/alternative;
 boundary="===============5909924381242268985=="
MIME-Version: 1.0
Subject: 127.0.0.1:8000 - Your password has been successfully changed!
From: webmaster@localhost
To: stonek@mail.ru
Date: Fri, 28 Jun 2024 06:02:13 -0000
Message-ID: <171955453326.5876.11603130597193183496@Marat>

--===============5909924381242268985==
Content-Type: text/plain; charset="utf-8"
MIME-Version: 1.0
Content-Transfer-Encoding: 8bit

Your password has been changed!

Спасибо, что используете наш сайт!

Команда сайта 127.0.0.1:8000
--===============5909924381242268985==
Content-Type: text/html; charset="utf-8"
MIME-Version: 1.0
Content-Transfer-Encoding: 8bit

<p>Your password has been changed!</p>

<p>Спасибо, что используете наш сайт!</p>

<p>Команда сайта 127.0.0.1:8000</p>
--===============5909924381242268985==--

-------------------------------------------------------------------------------
