Content-Type: multipart/alternative;
 boundary="===============4077500047024706010=="
MIME-Version: 1.0
Subject: 127.0.0.1:8000 - Your account has been successfully created and
 activated!
From: webmaster@localhost
To: sstopn!#$%&'*+/@mail.ru
Date: Fri, 28 Jun 2024 03:42:21 -0000
Message-ID: <171954614114.18364.1202193456072477561@Marat>

--===============4077500047024706010==
Content-Type: text/plain; charset="utf-8"
MIME-Version: 1.0
Content-Transfer-Encoding: 8bit

Your account has been created and is ready to use!

Спасибо, что используете наш сайт!

Команда сайта 127.0.0.1:8000
--===============4077500047024706010==
Content-Type: text/html; charset="utf-8"
MIME-Version: 1.0
Content-Transfer-Encoding: 8bit

<p>Your account has been created and is ready to use!</p>

<p>Спасибо, что используете наш сайт!</p>

<p>Команда сайта 127.0.0.1:8000</p>
--===============4077500047024706010==--

-------------------------------------------------------------------------------
