Content-Type: multipart/alternative;
 boundary="===============0944833338677021727=="
MIME-Version: 1.0
Subject: 127.0.0.1:8000 - Your account has been successfully created and
 activated!
From: webmaster@localhost
To: awdstonawdk@mail.ru
Date: Wed, 26 Jun 2024 12:20:36 -0000
Message-ID: <171940443654.6324.4724418424395339468@Marat>

--===============0944833338677021727==
Content-Type: text/plain; charset="utf-8"
MIME-Version: 1.0
Content-Transfer-Encoding: 8bit

Your account has been created and is ready to use!

Спасибо, что используете наш сайт!

Команда сайта 127.0.0.1:8000
--===============0944833338677021727==
Content-Type: text/html; charset="utf-8"
MIME-Version: 1.0
Content-Transfer-Encoding: 8bit

<p>Your account has been created and is ready to use!</p>

<p>Спасибо, что используете наш сайт!</p>

<p>Команда сайта 127.0.0.1:8000</p>
--===============0944833338677021727==--

-------------------------------------------------------------------------------
