Content-Type: multipart/alternative;
 boundary="===============4509384323665560850=="
MIME-Version: 1.0
Subject: 127.0.0.1:8000 - Your account has been successfully created and
 activated!
From: webmaster@localhost
To: sasd@mail.ru
Date: Wed, 26 Jun 2024 12:32:09 -0000
Message-ID: <171940512949.2276.1491895242167648298@Marat>

--===============4509384323665560850==
Content-Type: text/plain; charset="utf-8"
MIME-Version: 1.0
Content-Transfer-Encoding: 8bit

Your account has been created and is ready to use!

Спасибо, что используете наш сайт!

Команда сайта 127.0.0.1:8000
--===============4509384323665560850==
Content-Type: text/html; charset="utf-8"
MIME-Version: 1.0
Content-Transfer-Encoding: 8bit

<p>Your account has been created and is ready to use!</p>

<p>Спасибо, что используете наш сайт!</p>

<p>Команда сайта 127.0.0.1:8000</p>
--===============4509384323665560850==--

-------------------------------------------------------------------------------
