Content-Type: multipart/alternative;
 boundary="===============4299296165477902526=="
MIME-Version: 1.0
Subject: 
 =?utf-8?b?0KHQsdGA0L7RgSDQv9Cw0YDQvtC70Y8g0L3QsCAxMjcuMC4wLjE6ODAwMA==?=
From: webmaster@localhost
To: stopnek@mail.ru
Date: Mon, 24 Jun 2024 14:22:25 -0000
Message-ID: <171923894566.15500.6915155615118991697@Marat>

--===============4299296165477902526==
Content-Type: text/plain; charset="utf-8"
MIME-Version: 1.0
Content-Transfer-Encoding: 8bit

Вы получили это письмо, потому что вы (или кто-то другой) запросили восстановление пароля от учётной записи на сайте 127.0.0.1:8000, которая связана с этим адресом электронной почты.

Пожалуйста, перейдите на эту страницу и введите новый пароль:
http://127.0.0.1:8000//api/user/resetpassword/MQ/c94yxc-04b62fdcb3629e4b4f26d78285b805fc
Your username, in case you've forgotten: stopnek@mail.ru

Спасибо, что используете наш сайт!

Команда сайта 127.0.0.1:8000
--===============4299296165477902526==
Content-Type: text/html; charset="utf-8"
MIME-Version: 1.0
Content-Transfer-Encoding: 8bit

<p>Вы получили это письмо, потому что вы (или кто-то другой) запросили восстановление пароля от учётной записи на сайте 127.0.0.1:8000, которая связана с этим адресом электронной почты.</p>

<p>Пожалуйста, перейдите на эту страницу и введите новый пароль:</p>
<a href="http://127.0.0.1:8000//api/user/resetpassword/MQ/c94yxc-04b62fdcb3629e4b4f26d78285b805fc">http://127.0.0.1:8000//api/user/resetpassword/MQ/c94yxc-04b62fdcb3629e4b4f26d78285b805fc</a>
<p>Your username, in case you've forgotten: <b>stopnek@mail.ru</b></p>

<p>Спасибо, что используете наш сайт!</p>

<p>Команда сайта 127.0.0.1:8000</p>
--===============4299296165477902526==--

-------------------------------------------------------------------------------
