Content-Type: multipart/alternative;
 boundary="===============6615591277866136668=="
MIME-Version: 1.0
Subject: 127.0.0.1:8000 - Your account has been successfully created and
 activated!
From: webmaster@localhost
To: stopn!#$@mail.ru
Date: Fri, 28 Jun 2024 03:39:07 -0000
Message-ID: <171954594788.18364.6482426450256479771@Marat>

--===============6615591277866136668==
Content-Type: text/plain; charset="utf-8"
MIME-Version: 1.0
Content-Transfer-Encoding: 8bit

Your account has been created and is ready to use!

Спасибо, что используете наш сайт!

Команда сайта 127.0.0.1:8000
--===============6615591277866136668==
Content-Type: text/html; charset="utf-8"
MIME-Version: 1.0
Content-Transfer-Encoding: 8bit

<p>Your account has been created and is ready to use!</p>

<p>Спасибо, что используете наш сайт!</p>

<p>Команда сайта 127.0.0.1:8000</p>
--===============6615591277866136668==--

-------------------------------------------------------------------------------
