Content-Type: multipart/alternative;
 boundary="===============2365758618295114383=="
MIME-Version: 1.0
Subject: 127.0.0.1:8000 - Your account has been successfully created and
 activated!
From: webmaster@localhost
To: stopnk@mail.ru
Date: Wed, 26 Jun 2024 12:18:10 -0000
Message-ID: <171940429034.10288.2268183155821978602@Marat>

--===============2365758618295114383==
Content-Type: text/plain; charset="utf-8"
MIME-Version: 1.0
Content-Transfer-Encoding: 8bit

Your account has been created and is ready to use!

Спасибо, что используете наш сайт!

Команда сайта 127.0.0.1:8000
--===============2365758618295114383==
Content-Type: text/html; charset="utf-8"
MIME-Version: 1.0
Content-Transfer-Encoding: 8bit

<p>Your account has been created and is ready to use!</p>

<p>Спасибо, что используете наш сайт!</p>

<p>Команда сайта 127.0.0.1:8000</p>
--===============2365758618295114383==--

-------------------------------------------------------------------------------
