Content-Type: multipart/alternative;
 boundary="===============0250978763122730227=="
MIME-Version: 1.0
Subject: 
 =?utf-8?b?0KHQsdGA0L7RgSDQv9Cw0YDQvtC70Y8g0L3QsCAxMjcuMC4wLjE6ODAwMA==?=
From: webmaster@localhost
To: sasd@mail.ru
Date: Wed, 26 Jun 2024 13:47:34 -0000
Message-ID: <171940965428.14040.16364238175423653759@Marat>

--===============0250978763122730227==
Content-Type: text/plain; charset="utf-8"
MIME-Version: 1.0
Content-Transfer-Encoding: 8bit

Вы получили это письмо, потому что вы (или кто-то другой) запросили восстановление пароля от учётной записи на сайте 127.0.0.1:8000, которая связана с этим адресом электронной почты.

Пожалуйста, перейдите на эту страницу и введите новый пароль:
http://127.0.0.1:8000//api/user/resetpassword/Ng/c98mna-3add0f2c8205a6c458b5a9d91eb94c30
Your username, in case you've forgotten: sasd@mail.ru

Спасибо, что используете наш сайт!

Команда сайта 127.0.0.1:8000
--===============0250978763122730227==
Content-Type: text/html; charset="utf-8"
MIME-Version: 1.0
Content-Transfer-Encoding: 8bit

<p>Вы получили это письмо, потому что вы (или кто-то другой) запросили восстановление пароля от учётной записи на сайте 127.0.0.1:8000, которая связана с этим адресом электронной почты.</p>

<p>Пожалуйста, перейдите на эту страницу и введите новый пароль:</p>
<a href="http://127.0.0.1:8000//api/user/resetpassword/Ng/c98mna-3add0f2c8205a6c458b5a9d91eb94c30">http://127.0.0.1:8000//api/user/resetpassword/Ng/c98mna-3add0f2c8205a6c458b5a9d91eb94c30</a>
<p>Your username, in case you've forgotten: <b>sasd@mail.ru</b></p>

<p>Спасибо, что используете наш сайт!</p>

<p>Команда сайта 127.0.0.1:8000</p>
--===============0250978763122730227==--

-------------------------------------------------------------------------------
