Content-Type: multipart/alternative;
 boundary="===============6786532770117789074=="
MIME-Version: 1.0
Subject: 
 =?utf-8?b?0KHQsdGA0L7RgSDQv9Cw0YDQvtC70Y8g0L3QsCAxMjcuMC4wLjE6ODAwMA==?=
From: webmaster@localhost
To: sasd@mail.ru
Date: Wed, 26 Jun 2024 13:37:38 -0000
Message-ID: <171940905879.16364.1673618259676045911@Marat>

--===============6786532770117789074==
Content-Type: text/plain; charset="utf-8"
MIME-Version: 1.0
Content-Transfer-Encoding: 8bit

Вы получили это письмо, потому что вы (или кто-то другой) запросили восстановление пароля от учётной записи на сайте 127.0.0.1:8000, которая связана с этим адресом электронной почты.

Пожалуйста, перейдите на эту страницу и введите новый пароль:
http://127.0.0.1:8000//api/user/resetpassword/Ng/c98m6p-7482635c17d298d03ed893eca764e249
Your username, in case you've forgotten: sasd@mail.ru

Спасибо, что используете наш сайт!

Команда сайта 127.0.0.1:8000
--===============6786532770117789074==
Content-Type: text/html; charset="utf-8"
MIME-Version: 1.0
Content-Transfer-Encoding: 8bit

<p>Вы получили это письмо, потому что вы (или кто-то другой) запросили восстановление пароля от учётной записи на сайте 127.0.0.1:8000, которая связана с этим адресом электронной почты.</p>

<p>Пожалуйста, перейдите на эту страницу и введите новый пароль:</p>
<a href="http://127.0.0.1:8000//api/user/resetpassword/Ng/c98m6p-7482635c17d298d03ed893eca764e249">http://127.0.0.1:8000//api/user/resetpassword/Ng/c98m6p-7482635c17d298d03ed893eca764e249</a>
<p>Your username, in case you've forgotten: <b>sasd@mail.ru</b></p>

<p>Спасибо, что используете наш сайт!</p>

<p>Команда сайта 127.0.0.1:8000</p>
--===============6786532770117789074==--

-------------------------------------------------------------------------------
